
Showing logs for build [32mmeta-salaboy-fmtok8s-c4p-pr-1-p-fxwfg-3[0m stage [32mmeta-pipeline[0m and container [32mstep-credential-initializer-4fpjb[0m
{"level":"info","ts":1590827465.7044764,"logger":"fallback-logger","caller":"logging/config.go:69","msg":"Fetch GitHub commit ID from kodata failed: open /var/run/ko/refs/heads/0.8.0-ns-support: no such file or directory"}
{"level":"info","ts":1590827465.7058392,"logger":"fallback-logger","caller":"creds-init/main.go:40","msg":"Credentials initialized."}

Showing logs for build [32mmeta-salaboy-fmtok8s-c4p-pr-1-p-fxwfg-3[0m stage [32mmeta-pipeline[0m and container [32mstep-working-dir-initializer-s4kvr[0m
{"level":"info","ts":1590827466.181484,"logger":"fallback-logger","caller":"logging/config.go:69","msg":"Fetch GitHub commit ID from kodata failed: open /var/run/ko/HEAD: no such file or directory"}
{"level":"info","ts":1590827466.1831422,"logger":"fallback-logger","caller":"bash/main.go:64","msg":"Successfully executed command \"sh -c mkdir -p /workspace/source\"; output "}

Showing logs for build [32mmeta-salaboy-fmtok8s-c4p-pr-1-p-fxwfg-3[0m stage [32mmeta-pipeline[0m and container [32mstep-place-tools[0m

Showing logs for build [32mmeta-salaboy-fmtok8s-c4p-pr-1-p-fxwfg-3[0m stage [32mmeta-pipeline[0m and container [32mstep-git-source-meta-salaboy-fmtok8s-c4p-pr-1-p-fxwfg-zk947[0m
{"level":"info","ts":1590827471.2620494,"logger":"fallback-logger","caller":"logging/config.go:69","msg":"Fetch GitHub commit ID from kodata failed: open /var/run/ko/refs/heads/0.8.0-ns-support: no such file or directory"}
{"level":"info","ts":1590827472.4781775,"logger":"fallback-logger","caller":"git/git.go:103","msg":"Successfully cloned https://github.com/*******/fmtok8s-c4p.git @ c331cfd571c3b6521209e0edd126666c4e2f5edd in path /workspace/source"}

Showing logs for build [32mmeta-salaboy-fmtok8s-c4p-pr-1-p-fxwfg-3[0m stage [32mmeta-pipeline[0m and container [32mstep-git-merge[0m
Using SHAs from PULL_REFS=master:c331cfd571c3b6521209e0edd126666c4e2f5edd,1:ef2c8818ca6bb196088f5efa37cc97605b65fe2f
DEBUG: JX_LOG_LEVEL=error LC_ALL=C git fetch origin --unshallow ef2c8818ca6bb196088f5efa37cc97605b65fe2f: c331cfd571c3b6521209e0edd126666c4e2f5edd:
DEBUG: ran git fetch --unshallow origin ef2c8818ca6bb196088f5efa37cc97605b65fe2f: c331cfd571c3b6521209e0edd126666c4e2f5edd: in 
DEBUG: LC_ALL=C JX_LOG_LEVEL=error git branch
DEBUG: LC_ALL=C JX_LOG_LEVEL=error git checkout master
DEBUG: ran git checkout master in 
DEBUG: JX_LOG_LEVEL=error LC_ALL=C git reset --hard c331cfd571c3b6521209e0edd126666c4e2f5edd
DEBUG: ran git reset --hard c331cfd571c3b6521209e0edd126666c4e2f5edd in 
DEBUG: LC_ALL=C JX_LOG_LEVEL=error git clean -fd .
DEBUG: ran clean --force -d . in 
DEBUG: LC_ALL=C JX_LOG_LEVEL=error git merge ef2c8818ca6bb196088f5efa37cc97605b65fe2f
error: error during merge: merging ef2c8818ca6bb196088f5efa37cc97605b65fe2f into master: git output: CONFLICT (modify/delete): src/main/resources/c4p-orchestration.bpmn deleted in ef2c8818ca6bb196088f5efa37cc97605b65fe2f and modified in HEAD. Version HEAD of src/main/resources/c4p-orchestration.bpmn left in tree.
Auto-merging src/main/java/com/*******/conferences/c4p/C4PController.java
CONFLICT (content): Merge conflict in src/main/java/com/*******/conferences/c4p/C4PController.java
Automatic merge failed; fix conflicts and then commit the result.: failed to run 'git merge ef2c8818ca6bb196088f5efa37cc97605b65fe2f' command in directory '', output: 'CONFLICT (modify/delete): src/main/resources/c4p-orchestration.bpmn deleted in ef2c8818ca6bb196088f5efa37cc97605b65fe2f and modified in HEAD. Version HEAD of src/main/resources/c4p-orchestration.bpmn left in tree.
Auto-merging src/main/java/com/*******/conferences/c4p/C4PController.java
CONFLICT (content): Merge conflict in src/main/java/com/*******/conferences/c4p/C4PController.java
Automatic merge failed; fix conflicts and then commit the result.'
[31m
Pipeline failed on stage 'meta-pipeline' : container 'step-git-merge'. The execution of the pipeline has stopped.[0m
