
Showing logs for build [32msalaboy-fmtok8s-c4p-master-rele-jgrgn-3[0m stage [32mfrom-build-pack[0m and container [32mstep-credential-initializer-46t76[0m
{"level":"info","ts":1593766481.2983737,"logger":"fallback-logger","caller":"logging/config.go:69","msg":"Fetch GitHub commit ID from kodata failed: open /var/run/ko/refs/heads/0.8.0-ns-support: no such file or directory"}
{"level":"info","ts":1593766481.3008337,"logger":"fallback-logger","caller":"creds-init/main.go:40","msg":"Credentials initialized."}

Showing logs for build [32msalaboy-fmtok8s-c4p-master-rele-jgrgn-3[0m stage [32mfrom-build-pack[0m and container [32mstep-working-dir-initializer-nk6gc[0m
{"level":"info","ts":1593766482.2149332,"logger":"fallback-logger","caller":"logging/config.go:69","msg":"Fetch GitHub commit ID from kodata failed: open /var/run/ko/HEAD: no such file or directory"}
{"level":"info","ts":1593766482.2164128,"logger":"fallback-logger","caller":"bash/main.go:64","msg":"Successfully executed command \"sh -c mkdir -p /workspace/source\"; output "}

Showing logs for build [32msalaboy-fmtok8s-c4p-master-rele-jgrgn-3[0m stage [32mfrom-build-pack[0m and container [32mstep-place-tools[0m

Showing logs for build [32msalaboy-fmtok8s-c4p-master-rele-jgrgn-3[0m stage [32mfrom-build-pack[0m and container [32mstep-git-source-salaboy-fmtok8s-c4p-master-rele-jgrgn-z5s7c[0m
{"level":"info","ts":1593766489.326022,"logger":"fallback-logger","caller":"logging/config.go:69","msg":"Fetch GitHub commit ID from kodata failed: open /var/run/ko/refs/heads/0.8.0-ns-support: no such file or directory"}
{"level":"info","ts":1593766490.5120616,"logger":"fallback-logger","caller":"git/git.go:103","msg":"Successfully cloned https://github.com/*******/fmtok8s-c4p.git @ v0.0.47 in path /workspace/source"}

Showing logs for build [32msalaboy-fmtok8s-c4p-master-rele-jgrgn-3[0m stage [32mfrom-build-pack[0m and container [32mstep-setup-builder-home[0m

Showing logs for build [32msalaboy-fmtok8s-c4p-master-rele-jgrgn-3[0m stage [32mfrom-build-pack[0m and container [32mstep-git-merge[0m
Using SHAs from PULL_REFS=master:c736edc9c93631d696ece0935b81d0e6f82248e7
WARNING: no SHAs to merge, falling back to initial cloned commit

Showing logs for build [32msalaboy-fmtok8s-c4p-master-rele-jgrgn-3[0m stage [32mfrom-build-pack[0m and container [32mstep-setup-jx-git-credentials[0m
Generated Git credentials file /workspace/xdg_config/git/credentials

Showing logs for build [32msalaboy-fmtok8s-c4p-master-rele-jgrgn-3[0m stage [32mfrom-build-pack[0m and container [32mstep-build-mvn-deploy[0m
Picked up _JAVA_OPTIONS: -XX:+UnlockExperimentalVMOptions -Dsun.zip.disableMemoryMapping=true -XX:+UseParallelGC -XX:MinHeapFreeRatio=5 -XX:MaxHeapFreeRatio=10 -XX:GCTimeRatio=4 -XX:AdaptiveSizePolicyWeight=90 -Xms10m -Xmx192m
[INFO] Scanning for projects...
[INFO] 
[INFO] ----------------< com.*******.conferences:fmtok8s-c4p >-----------------
[INFO] Building From Monolith to K8s :: C4P Service 0.0.47
[INFO] --------------------------------[ jar ]---------------------------------
[WARNING] The POM for com.sun.xml.bind:jaxb-osgi:jar:2.2.10 is invalid, transitive dependencies (if any) will not be available, enable debug logging for more details
[INFO] 
[INFO] --- maven-clean-plugin:3.1.0:clean (default-clean) @ fmtok8s-c4p ---
[INFO] 
[INFO] --- maven-resources-plugin:3.1.0:resources (default-resources) @ fmtok8s-c4p ---
[INFO] Using 'UTF-8' encoding to copy filtered resources.
[INFO] Copying 1 resource
[INFO] Copying 1 resource
[INFO] 
[INFO] --- maven-compiler-plugin:3.8.1:compile (default-compile) @ fmtok8s-c4p ---
[INFO] Changes detected - recompiling the module!
[INFO] Compiling 6 source files to /workspace/source/target/classes
[INFO] 
[INFO] --- spring-cloud-contract-maven-plugin:2.2.1.RELEASE:generateTests (default-generateTests) @ fmtok8s-c4p ---
[INFO] Generating server tests source code for Spring Cloud Contract Verifier contract verification
[INFO] Will use contracts provided in the folder [/workspace/source/src/test/resources/contracts]
[INFO] Directory with contract is present at [/workspace/source/src/test/resources/contracts]
[INFO] Test Source directory: /workspace/source/target/generated-test-sources/contracts added.
[INFO] Using [null] as base class for test classes, [null] as base package for tests, [com.*******.conferences.c4p] as package with base classes, base class mappings []
[INFO] Creating new class file [/workspace/source/target/generated-test-sources/contracts/com/*******/conferences/c4p/ContractVerifierTest.java]
[INFO] Generated 1 test classes.
[INFO] 
[INFO] --- spring-cloud-contract-maven-plugin:2.2.1.RELEASE:convert (default-convert) @ fmtok8s-c4p ---
[INFO] Will use contracts provided in the folder [/workspace/source/src/test/resources/contracts]
[INFO] Copying Spring Cloud Contract Verifier contracts to [/workspace/source/target/stubs/META-INF/com.*******.conferences/fmtok8s-c4p/0.0.47/contracts]. Only files matching [.*] pattern will end up in the final JAR with stubs.
[INFO] Using 'UTF-8' encoding to copy filtered resources.
[INFO] Copying 1 resource
[INFO] Converting from Spring Cloud Contract Verifier contracts to WireMock stubs mappings
[INFO]      Spring Cloud Contract Verifier contracts directory: /workspace/source/src/test/resources/contracts
[INFO] Stub Server stubs mappings directory: /workspace/source/target/stubs/META-INF/com.*******.conferences/fmtok8s-c4p/0.0.47/mappings
[INFO] Creating new stub [/workspace/source/target/stubs/META-INF/com.*******.conferences/fmtok8s-c4p/0.0.47/mappings/should accept POST with new Proposal.json]
[INFO] 
[INFO] --- maven-resources-plugin:3.1.0:testResources (default-testResources) @ fmtok8s-c4p ---
[INFO] Using 'UTF-8' encoding to copy filtered resources.
[INFO] Copying 2 resources
[INFO] skip non existing resourceDirectory /workspace/source/target/generated-test-resources/contracts
[INFO] 
[INFO] --- maven-compiler-plugin:3.8.1:testCompile (default-testCompile) @ fmtok8s-c4p ---
[INFO] Changes detected - recompiling the module!
[INFO] Compiling 3 source files to /workspace/source/target/test-classes
[INFO] 
[INFO] --- maven-surefire-plugin:3.0.0-M1:test (default-test) @ fmtok8s-c4p ---
[INFO] 
[INFO] -------------------------------------------------------
[INFO]  T E S T S
[INFO] -------------------------------------------------------
[WARNING] Corrupted STDOUT by directly writing to native stream in forked JVM 1. See FAQ web page and the dump file /workspace/source/target/surefire-reports/2020-07-03T08-55-43_271-jvmRun1.dumpstream
08:55:51.348 [main] DEBUG org.springframework.test.context.junit4.SpringJUnit4ClassRunner - SpringJUnit4ClassRunner constructor called with [class com.*******.conferences.c4p.ContractVerifierTest]
08:55:51.349 [main] DEBUG org.springframework.test.context.BootstrapUtils - Instantiating CacheAwareContextLoaderDelegate from class [org.springframework.test.context.cache.DefaultCacheAwareContextLoaderDelegate]
08:55:51.349 [main] DEBUG org.springframework.test.context.BootstrapUtils - Instantiating BootstrapContext using constructor [public org.springframework.test.context.support.DefaultBootstrapContext(java.lang.Class,org.springframework.test.context.CacheAwareContextLoaderDelegate)]
08:55:51.350 [main] DEBUG org.springframework.test.context.BootstrapUtils - Instantiating TestContextBootstrapper for test class [com.*******.conferences.c4p.ContractVerifierTest] from class [org.springframework.boot.test.context.SpringBootTestContextBootstrapper]
08:55:51.351 [main] INFO org.springframework.boot.test.context.SpringBootTestContextBootstrapper - Neither @ContextConfiguration nor @ContextHierarchy found for test class [com.*******.conferences.c4p.ContractVerifierTest], using SpringBootContextLoader
08:55:51.353 [main] DEBUG org.springframework.test.context.support.AbstractContextLoader - Did not detect default resource location for test class [com.*******.conferences.c4p.ContractVerifierTest]: class path resource [com/*******/conferences/c4p/ContractVerifierTest-context.xml] does not exist
08:55:51.353 [main] DEBUG org.springframework.test.context.support.AbstractContextLoader - Did not detect default resource location for test class [com.*******.conferences.c4p.ContractVerifierTest]: class path resource [com/*******/conferences/c4p/ContractVerifierTestContext.groovy] does not exist
08:55:51.353 [main] INFO org.springframework.test.context.support.AbstractContextLoader - Could not detect default resource locations for test class [com.*******.conferences.c4p.ContractVerifierTest]: no resource found for suffixes {-context.xml, Context.groovy}.
08:55:51.354 [main] INFO org.springframework.test.context.support.AnnotationConfigContextLoaderUtils - Could not detect default configuration classes for test class [com.*******.conferences.c4p.ContractVerifierTest]: ContractVerifierTest does not declare any static, non-private, non-final, nested classes annotated with @Configuration.
08:55:51.357 [main] DEBUG org.springframework.test.context.support.ActiveProfilesUtils - Could not find an 'annotation declaring class' for annotation type [org.springframework.test.context.ActiveProfiles] and class [com.*******.conferences.c4p.ContractVerifierTest]
08:55:51.358 [main] INFO org.springframework.boot.test.context.SpringBootTestContextBootstrapper - Found @SpringBootConfiguration com.*******.conferences.c4p.DemoApplication for test class com.*******.conferences.c4p.ContractVerifierTest
08:55:51.363 [main] DEBUG org.springframework.boot.test.context.SpringBootTestContextBootstrapper - @TestExecutionListeners is not present for class [com.*******.conferences.c4p.ContractVerifierTest]: using defaults.
08:55:51.364 [main] INFO org.springframework.boot.test.context.SpringBootTestContextBootstrapper - Loaded default TestExecutionListener class names from location [META-INF/spring.factories]: [org.springframework.boot.test.mock.mockito.MockitoTestExecutionListener, org.springframework.boot.test.mock.mockito.ResetMocksTestExecutionListener, org.springframework.boot.test.autoconfigure.restdocs.RestDocsTestExecutionListener, org.springframework.boot.test.autoconfigure.web.client.MockRestServiceServerResetTestExecutionListener, org.springframework.boot.test.autoconfigure.web.servlet.MockMvcPrintOnlyOnFailureTestExecutionListener, org.springframework.boot.test.autoconfigure.web.servlet.WebDriverTestExecutionListener, org.springframework.test.context.web.ServletTestExecutionListener, org.springframework.test.context.support.DirtiesContextBeforeModesTestExecutionListener, org.springframework.test.context.support.DependencyInjectionTestExecutionListener, org.springframework.test.context.support.DirtiesContextTestExecutionListener, org.springframework.test.context.transaction.TransactionalTestExecutionListener, org.springframework.test.context.jdbc.SqlScriptsTestExecutionListener, org.springframework.test.context.event.EventPublishingTestExecutionListener]
08:55:51.365 [main] DEBUG org.springframework.boot.test.context.SpringBootTestContextBootstrapper - Skipping candidate TestExecutionListener [org.springframework.test.context.web.ServletTestExecutionListener] due to a missing dependency. Specify custom listener classes or make the default listener classes and their required dependencies available. Offending class: [javax/servlet/ServletContext]
08:55:51.366 [main] DEBUG org.springframework.boot.test.context.SpringBootTestContextBootstrapper - Skipping candidate TestExecutionListener [org.springframework.test.context.transaction.TransactionalTestExecutionListener] due to a missing dependency. Specify custom listener classes or make the default listener classes and their required dependencies available. Offending class: [org/springframework/transaction/TransactionDefinition]
08:55:51.366 [main] DEBUG org.springframework.boot.test.context.SpringBootTestContextBootstrapper - Skipping candidate TestExecutionListener [org.springframework.test.context.jdbc.SqlScriptsTestExecutionListener] due to a missing dependency. Specify custom listener classes or make the default listener classes and their required dependencies available. Offending class: [org/springframework/transaction/interceptor/TransactionAttribute]
08:55:51.366 [main] INFO org.springframework.boot.test.context.SpringBootTestContextBootstrapper - Using TestExecutionListeners: [org.springframework.test.context.support.DirtiesContextBeforeModesTestExecutionListener@7f6f61c8, org.springframework.boot.test.mock.mockito.MockitoTestExecutionListener@4c2cc639, org.springframework.boot.test.autoconfigure.SpringBootDependencyInjectionTestExecutionListener@ccb4b1b, org.springframework.test.context.support.DirtiesContextTestExecutionListener@4097cac, org.springframework.test.context.event.EventPublishingTestExecutionListener@ec2cc4, org.springframework.boot.test.mock.mockito.ResetMocksTestExecutionListener@2a5b3fee, org.springframework.boot.test.autoconfigure.restdocs.RestDocsTestExecutionListener@7c1e2a2d, org.springframework.boot.test.autoconfigure.web.client.MockRestServiceServerResetTestExecutionListener@333dd51e, org.springframework.boot.test.autoconfigure.web.servlet.MockMvcPrintOnlyOnFailureTestExecutionListener@52d645b1, org.springframework.boot.test.autoconfigure.web.servlet.WebDriverTestExecutionListener@2101b44a]
08:55:51.367 [main] DEBUG org.springframework.test.annotation.ProfileValueUtils - Retrieved @ProfileValueSourceConfiguration [null] for test class [com.*******.conferences.c4p.ContractVerifierTest]
08:55:51.367 [main] DEBUG org.springframework.test.annotation.ProfileValueUtils - Retrieved ProfileValueSource type [class org.springframework.test.annotation.SystemProfileValueSource] for class [com.*******.conferences.c4p.ContractVerifierTest]
08:55:51.667 [main] DEBUG org.springframework.test.annotation.ProfileValueUtils - Retrieved @ProfileValueSourceConfiguration [null] for test class [com.*******.conferences.c4p.ContractVerifierTest]
08:55:51.668 [main] DEBUG org.springframework.test.annotation.ProfileValueUtils - Retrieved ProfileValueSource type [class org.springframework.test.annotation.SystemProfileValueSource] for class [com.*******.conferences.c4p.ContractVerifierTest]
[INFO] Running com.*******.conferences.c4p.ContractVerifierTest
08:55:51.673 [main] DEBUG org.springframework.test.annotation.ProfileValueUtils - Retrieved @ProfileValueSourceConfiguration [null] for test class [com.*******.conferences.c4p.ContractVerifierTest]
08:55:51.674 [main] DEBUG org.springframework.test.annotation.ProfileValueUtils - Retrieved ProfileValueSource type [class org.springframework.test.annotation.SystemProfileValueSource] for class [com.*******.conferences.c4p.ContractVerifierTest]
08:55:51.675 [main] DEBUG org.springframework.test.annotation.ProfileValueUtils - Retrieved @ProfileValueSourceConfiguration [null] for test class [com.*******.conferences.c4p.ContractVerifierTest]
08:55:51.675 [main] DEBUG org.springframework.test.annotation.ProfileValueUtils - Retrieved ProfileValueSource type [class org.springframework.test.annotation.SystemProfileValueSource] for class [com.*******.conferences.c4p.ContractVerifierTest]
08:55:51.747 [main] DEBUG org.springframework.test.context.support.AbstractDirtiesContextTestExecutionListener - Before test class: context [DefaultTestContext@1c7fd41f testClass = ContractVerifierTest, testInstance = [null], testMethod = [null], testException = [null], mergedContextConfiguration = [ReactiveWebMergedContextConfiguration@3b77a04f testClass = ContractVerifierTest, locations = '{}', classes = '{class com.*******.conferences.c4p.DemoApplication}', contextInitializerClasses = '[]', activeProfiles = '{}', propertySourceLocations = '{}', propertySourceProperties = '{server.port=0, org.springframework.boot.test.context.SpringBootTestContextBootstrapper=true, server.port=0}', contextCustomizers = set[org.springframework.boot.test.context.filter.ExcludeFilterContextCustomizer@4d14b6c2, org.springframework.boot.test.json.DuplicateJsonObjectContextCustomizerFactory$DuplicateJsonObjectContextCustomizer@25df00a0, org.springframework.boot.test.mock.mockito.MockitoContextCustomizer@0, org.springframework.boot.test.web.client.TestRestTemplateContextCustomizer@4f0f2942, org.springframework.boot.test.web.reactive.server.WebTestClientContextCustomizer@475c9c31, org.springframework.boot.test.autoconfigure.properties.PropertyMappingContextCustomizer@0, org.springframework.boot.test.autoconfigure.web.servlet.WebDriverContextCustomizerFactory$Customizer@1e4f4a5c], contextLoader = 'org.springframework.boot.test.context.SpringBootContextLoader', parent = [null]], attributes = map['org.springframework.test.context.web.ServletTestExecutionListener.activateListener' -> false]], class annotated with @DirtiesContext [false] with mode [null].
08:55:51.754 [main] DEBUG org.springframework.test.annotation.ProfileValueUtils - Retrieved @ProfileValueSourceConfiguration [null] for test class [com.*******.conferences.c4p.ContractVerifierTest]
08:55:51.754 [main] DEBUG org.springframework.test.annotation.ProfileValueUtils - Retrieved ProfileValueSource type [class org.springframework.test.annotation.SystemProfileValueSource] for class [com.*******.conferences.c4p.ContractVerifierTest]
08:55:51.771 [main] DEBUG org.springframework.test.context.support.DependencyInjectionTestExecutionListener - Performing dependency injection for test context [[DefaultTestContext@1c7fd41f testClass = ContractVerifierTest, testInstance = com.*******.conferences.c4p.ContractVerifierTest@14c01636, testMethod = [null], testException = [null], mergedContextConfiguration = [ReactiveWebMergedContextConfiguration@3b77a04f testClass = ContractVerifierTest, locations = '{}', classes = '{class com.*******.conferences.c4p.DemoApplication}', contextInitializerClasses = '[]', activeProfiles = '{}', propertySourceLocations = '{}', propertySourceProperties = '{server.port=0, org.springframework.boot.test.context.SpringBootTestContextBootstrapper=true, server.port=0}', contextCustomizers = set[org.springframework.boot.test.context.filter.ExcludeFilterContextCustomizer@4d14b6c2, org.springframework.boot.test.json.DuplicateJsonObjectContextCustomizerFactory$DuplicateJsonObjectContextCustomizer@25df00a0, org.springframework.boot.test.mock.mockito.MockitoContextCustomizer@0, org.springframework.boot.test.web.client.TestRestTemplateContextCustomizer@4f0f2942, org.springframework.boot.test.web.reactive.server.WebTestClientContextCustomizer@475c9c31, org.springframework.boot.test.autoconfigure.properties.PropertyMappingContextCustomizer@0, org.springframework.boot.test.autoconfigure.web.servlet.WebDriverContextCustomizerFactory$Customizer@1e4f4a5c], contextLoader = 'org.springframework.boot.test.context.SpringBootContextLoader', parent = [null]], attributes = map['org.springframework.test.context.web.ServletTestExecutionListener.activateListener' -> false]]].
08:55:51.883 [main] DEBUG org.springframework.test.context.support.TestPropertySourceUtils - Adding inlined properties to environment: {spring.jmx.enabled=false, server.port=0, org.springframework.boot.test.context.SpringBootTestContextBootstrapper=true, server.port=0}

  .   ____          _            __ _ _
 /\\ / ___'_ __ _ _(_)_ __  __ _ \ \ \ \
( ( )\___ | '_ | '_| | '_ \/ _` | \ \ \ \
 \\/  ___)| |_)| | | | | || (_| |  ) ) ) )
  '  |____| .__|_| |_|_| |_\__, | / / / /
 =========|_|==============|___/=/_/_/_/
 :: Spring Boot ::        (v2.2.6.RELEASE)

2020-07-03 08:55:52.849  INFO 72 --- [           main] c.s.c.c4p.ContractVerifierTest           : Starting ContractVerifierTest on *******-fmtok8s-c4p-master-rele-jgrgn-3-from-build-pack-hfpwn-p with PID 72 (started by root in /workspace/source)
2020-07-03 08:55:52.852  INFO 72 --- [           main] c.s.c.c4p.ContractVerifierTest           : No active profile set, falling back to default profiles: default
2020-07-03 08:55:58.961  INFO 72 --- [           main] trationDelegate$BeanPostProcessorChecker : Bean 'io.zeebe.spring.client.config.processor.PostProcessorConfiguration' of type [io.zeebe.spring.client.config.processor.PostProcessorConfiguration] is not eligible for getting processed by all BeanPostProcessors (for example: not eligible for auto-proxying)
2020-07-03 08:55:58.973  INFO 72 --- [           main] trationDelegate$BeanPostProcessorChecker : Bean 'io.zeebe.spring.client.bean.value.factory.ReadAnnotationValueConfiguration' of type [io.zeebe.spring.client.bean.value.factory.ReadAnnotationValueConfiguration] is not eligible for getting processed by all BeanPostProcessors (for example: not eligible for auto-proxying)
2020-07-03 08:55:58.979  INFO 72 --- [           main] trationDelegate$BeanPostProcessorChecker : Bean 'zeebeExpressionResolver' of type [io.zeebe.spring.util.ZeebeExpressionResolver] is not eligible for getting processed by all BeanPostProcessors (for example: not eligible for auto-proxying)
2020-07-03 08:55:59.054  INFO 72 --- [           main] trationDelegate$BeanPostProcessorChecker : Bean 'readZeebeDeploymentValue' of type [io.zeebe.spring.client.bean.value.factory.ReadZeebeDeploymentValue] is not eligible for getting processed by all BeanPostProcessors (for example: not eligible for auto-proxying)
2020-07-03 08:55:59.070  INFO 72 --- [           main] trationDelegate$BeanPostProcessorChecker : Bean 'deploymentPostProcessor' of type [io.zeebe.spring.client.config.processor.DeploymentPostProcessor] is not eligible for getting processed by all BeanPostProcessors (for example: not eligible for auto-proxying)
2020-07-03 08:55:59.078  INFO 72 --- [           main] trationDelegate$BeanPostProcessorChecker : Bean 'readZeebeWorkerValue' of type [io.zeebe.spring.client.bean.value.factory.ReadZeebeWorkerValue] is not eligible for getting processed by all BeanPostProcessors (for example: not eligible for auto-proxying)
2020-07-03 08:55:59.145  INFO 72 --- [           main] trationDelegate$BeanPostProcessorChecker : Bean 'zeebeWorkerPostProcessor' of type [io.zeebe.spring.client.config.processor.ZeebeWorkerPostProcessor] is not eligible for getting processed by all BeanPostProcessors (for example: not eligible for auto-proxying)
2020-07-03 08:56:09.557  INFO 72 --- [           main] o.s.b.a.e.web.EndpointLinksResolver      : Exposing 2 endpoint(s) beneath base path '/actuator'
2020-07-03 08:56:14.044  INFO 72 --- [           main] o.s.b.web.embedded.netty.NettyWebServer  : Netty started on port(s): 34111
2020-07-03 08:56:14.057  INFO 72 --- [           main] c.s.c.c4p.ContractVerifierTest           : Started ContractVerifierTest in 22.11 seconds (JVM running for 29.302)
2020-07-03 08:56:14.061  INFO 72 --- [           main] c.*******.conferences.c4p.C4PController  : C4P Service Started!
2020-07-03 08:56:14.667  INFO 72 --- [           main] c.*******.conferences.c4p.C4PController  : Deploying Workflow... 0
2020-07-03 08:56:19.158  INFO 72 --- [or-http-epoll-2] c.*******.conferences.c4p.C4PController  : > New Proposal Received Event ( Proposal{id='ffcfb1eb-a640-4181-b086-acb48a3796a8', title='OCIHTCUCPLPBYMIMALCX', description='GPYOHFVZZPRFCYENYZLO', author='OBRYRLBXGOVXEAWTJLFF', email='foo@bar-1637690332.com', approved=false', status=PENDING'})
[INFO] Tests run: 1, Failures: 0, Errors: 0, Skipped: 0, Time elapsed: 28.111 s - in com.*******.conferences.c4p.ContractVerifierTest
[INFO] 
[INFO] Results:
[INFO] 
[INFO] Tests run: 1, Failures: 0, Errors: 0, Skipped: 0
[INFO] 
[INFO] 
[INFO] --- spring-cloud-contract-maven-plugin:2.2.1.RELEASE:generateStubs (default-generateStubs) @ fmtok8s-c4p ---
[INFO] Files matching this pattern will be excluded from stubs generation []
[INFO] Building jar: /workspace/source/target/fmtok8s-c4p-0.0.47-stubs.jar
[INFO] 
[INFO] --- maven-jar-plugin:3.1.2:jar (default-jar) @ fmtok8s-c4p ---
[INFO] Building jar: /workspace/source/target/fmtok8s-c4p-0.0.47.jar
[INFO] 
[INFO] --- spring-boot-maven-plugin:2.2.6.RELEASE:repackage (repackage) @ fmtok8s-c4p ---
[INFO] Replacing main artifact with repackaged archive
[INFO] 
[INFO] --- maven-install-plugin:2.5.2:install (default-install) @ fmtok8s-c4p ---
[INFO] Installing /workspace/source/target/app.jar to /home/jenkins/.mvnrepository/com/*******/conferences/fmtok8s-c4p/0.0.47/fmtok8s-c4p-0.0.47.jar
[INFO] Installing /workspace/source/pom.xml to /home/jenkins/.mvnrepository/com/*******/conferences/fmtok8s-c4p/0.0.47/fmtok8s-c4p-0.0.47.pom
[INFO] Installing /workspace/source/target/fmtok8s-c4p-0.0.47-stubs.jar to /home/jenkins/.mvnrepository/com/*******/conferences/fmtok8s-c4p/0.0.47/fmtok8s-c4p-0.0.47-stubs.jar
[INFO] 
[INFO] --- maven-deploy-plugin:2.8.2:deploy (default-deploy) @ fmtok8s-c4p ---
[INFO] Using alternate deployment repository local-nexus::default::http://nexus/repository/maven-releases/
[INFO] ------------------------------------------------------------------------
[INFO] BUILD SUCCESS
[INFO] ------------------------------------------------------------------------
[INFO] Total time:  01:35 min
[INFO] Finished at: 2020-07-03T08:56:30Z
[INFO] ------------------------------------------------------------------------

Showing logs for build [32msalaboy-fmtok8s-c4p-master-rele-jgrgn-3[0m stage [32mfrom-build-pack[0m and container [32mstep-build-skaffold-version[0m
v1.0.1

Showing logs for build [32msalaboy-fmtok8s-c4p-master-rele-jgrgn-3[0m stage [32mfrom-build-pack[0m and container [32mstep-build-container-build[0m
E0703 08:56:32.507528      10 aws_credentials.go:77] while getting AWS credentials NoCredentialProviders: no valid providers in chain. Deprecated.
	For verbose messaging see aws.Config.CredentialsChainVerboseErrors
[36mINFO[0m[0001] Using dockerignore file: /workspace/source/.dockerignore 
[36mINFO[0m[0001] Retrieving image manifest openjdk:11-jre-slim 
E0703 08:56:33.000869      10 metadata.go:154] while reading 'google-dockercfg' metadata: http status code: 404 while fetching url http://metadata.google.internal./computeMetadata/v1/instance/attributes/google-dockercfg
E0703 08:56:33.009371      10 metadata.go:166] while reading 'google-dockercfg-url' metadata: http status code: 404 while fetching url http://metadata.google.internal./computeMetadata/v1/instance/attributes/google-dockercfg-url
[36mINFO[0m[0002] Retrieving image manifest openjdk:11-jre-slim 
[36mINFO[0m[0004] Built cross stage deps: map[]                
[36mINFO[0m[0004] Retrieving image manifest openjdk:11-jre-slim 
[36mINFO[0m[0004] Retrieving image manifest openjdk:11-jre-slim 
[36mINFO[0m[0006] Executing 0 build triggers                   
[36mINFO[0m[0006] cmd: EXPOSE                                  
[36mINFO[0m[0006] Adding exposed port: 8080/tcp                
[36mINFO[0m[0006] Resolving srcs [pom.xml target/lib*]...      
[36mINFO[0m[0006] Checking for cached layer gcr.io/camunda-researchanddevelopment/cache:84b9c5c725b4235e113bff25e214b6546b46fee5126054cc616cf6f5383ea000... 
[36mINFO[0m[0006] No cached layer found for cmd COPY pom.xml target/lib* /opt/lib/ 
[36mINFO[0m[0006] Unpacking rootfs as cmd COPY pom.xml target/lib* /opt/lib/ requires it. 
[36mINFO[0m[0012] ENV PORT 8080                                
[36mINFO[0m[0012] No files changed in this command, skipping snapshotting. 
[36mINFO[0m[0012] ENV CLASSPATH /opt/lib                       
[36mINFO[0m[0012] No files changed in this command, skipping snapshotting. 
[36mINFO[0m[0012] EXPOSE 8080                                  
[36mINFO[0m[0012] cmd: EXPOSE                                  
[36mINFO[0m[0012] Adding exposed port: 8080/tcp                
[36mINFO[0m[0012] No files changed in this command, skipping snapshotting. 
[36mINFO[0m[0012] Resolving srcs [pom.xml target/lib*]...      
[36mINFO[0m[0012] COPY pom.xml target/lib* /opt/lib/           
[36mINFO[0m[0012] Resolving srcs [pom.xml target/lib*]...      
[36mINFO[0m[0012] Resolving 1 paths                            
[36mINFO[0m[0012] Taking snapshot of files...                  
[36mINFO[0m[0012] Pushing layer gcr.io/camunda-researchanddevelopment/cache:84b9c5c725b4235e113bff25e214b6546b46fee5126054cc616cf6f5383ea000 to cache now 
[36mINFO[0m[0012] COPY target/app.jar /opt/app.jar             
[36mINFO[0m[0013] Resolving 1 paths                            
[36mINFO[0m[0013] Taking snapshot of files...                  
[36mINFO[0m[0014] Pushing layer gcr.io/camunda-researchanddevelopment/cache:9be7b27d1215982474556e6cc97262006833b9a2901b41a0021b013a02eec41e to cache now 
[36mINFO[0m[0014] WORKDIR /opt                                 
[36mINFO[0m[0014] cmd: workdir                                 
[36mINFO[0m[0014] Changed working directory to /opt            
[36mINFO[0m[0014] No files changed in this command, skipping snapshotting. 
[36mINFO[0m[0014] ENTRYPOINT exec java $JAVA_OPTS -noverify -jar app.jar 
[36mINFO[0m[0014] No files changed in this command, skipping snapshotting. 

Showing logs for build [32msalaboy-fmtok8s-c4p-master-rele-jgrgn-3[0m stage [32mfrom-build-pack[0m and container [32mstep-build-post-build[0m
no CVE provider running in the current ** namespace so skip adding image to be analysed

Showing logs for build [32msalaboy-fmtok8s-c4p-master-rele-jgrgn-3[0m stage [32mfrom-build-pack[0m and container [32mstep-promote-changelog[0m
Converted /workspace/source/charts/fmtok8s-c4p to an unshallow repository
Generating change log from git ref 6b1db940c08d835025b877ac3ef9b7a2033a5792 => f232cadc3eb946ca0eba74fbce2b6dd72f584a53
WARNING: Failed to enrich commit c736edc9c93631d696ece0935b81d0e6f82248e7 with issues: selected more than one user from users.jenkins.io: [******* x-0]
WARNING: Failed to enrich commit c736edc9c93631d696ece0935b81d0e6f82248e7 with issues: selected more than one user from users.jenkins.io: [******* x-0]
Finding issues in commit messages using git format
WARNING: No release found for *******/fmtok8s-c4p and tag v0.0.47 so creating a new release
Updated the release information at https://github.com/*******/fmtok8s-c4p/releases/tag/v0.0.47
generated: /workspace/source/charts/fmtok8s-c4p/templates/release.yaml
Created Release fmtok8s-c4p-0-0-47 resource in namespace **
Updating PipelineActivity *******-fmtok8s-c4p-master-3 with version 0.0.47
Updated PipelineActivities *******-fmtok8s-c4p-master-3 with release notes URL: https://github.com/*******/fmtok8s-c4p/releases/tag/v0.0.47

Showing logs for build [32msalaboy-fmtok8s-c4p-master-rele-jgrgn-3[0m stage [32mfrom-build-pack[0m and container [32mstep-promote-helm-release[0m
WARNING: No $CHART_REPOSITORY defined so using the default value of: http://jenkins-x-chartmuseum:8080
Adding missing Helm repo: storage.googleapis.com https://storage.googleapis.com/chartmuseum.jenkins-x.io
Successfully added Helm repository storage.googleapis.com.
Adding missing Helm repo: jenkins-x-chartmuseum http://jenkins-x-chartmuseum:8080
Successfully added Helm repository jenkins-x-chartmuseum.
WARNING: No $CHART_REPOSITORY defined so using the default value of: http://jenkins-x-chartmuseum:8080
Uploading chart file fmtok8s-c4p-0.0.47.tgz to http://jenkins-x-chartmuseum:8080/api/charts
Received 201 response: {"saved":true}

Showing logs for build [32msalaboy-fmtok8s-c4p-master-rele-jgrgn-3[0m stage [32mfrom-build-pack[0m and container [32mstep-promote-jx-promote[0m
WARNING: prow based install so skip waiting for the merge of Pull Requests to go green as currently there is an issue with gettingstatuses from the PR, see https://github.com/jenkins-x/**/issues/2410
WARNING: No $CHART_REPOSITORY defined so using the default value of: http://jenkins-x-chartmuseum:8080
Promoting app fmtok8s-c4p version 0.0.47 to namespace **-staging
Created Pull Request: https://github.com/*******/environment-kubecon2020-staging/pull/9
Added label updatebot to Pull Request https://github.com/*******/environment-kubecon2020-staging/pull/9
got git provider status pending from PR https://github.com/*******/environment-kubecon2020-staging/pull/9
got git provider status pending from PR https://github.com/*******/environment-kubecon2020-staging/pull/9
Pull Request https://github.com/*******/environment-kubecon2020-staging/pull/9 is merged at sha 449d28bb5423e99caad05ffde5624bfae7c636f1
Pull Request merged but we are not waiting for the update pipeline to complete!

Showing logs for build [32msalaboy-fmtok8s-c4p-master-rele-jgrgn-3[0m stage [32mfrom-build-pack[0m and container [32mstep-promote-step10[0m
Using https://github.com/*******/fmtok8s-c4p as source for change discovered from git repo in /workspace/source
Updated Pull Request: https://github.com/*******/fmtok8s-kubecon-app/pull/15
Added label updatebot to Pull Request https://github.com/*******/fmtok8s-kubecon-app/pull/15
